Unity Editor version:    2021.3.31f1 (3409e2af086f)
Branch:                  2021.3/staging
Build type:              Release
Batch mode:              YES
macOS version:           Version 13.6 (Build 22G120)
Darwin version:          22.6.0
Architecture:            arm64
Running under Rosetta:   NO
Available memory:        32768 MB
Using pre-set license
Pro License: YES

COMMAND LINE ARGUMENTS:
/Applications/Unity/Hub/Editor/2021.3.31f1/Unity.app/Contents/MacOS/Unity
-adb2
-batchMode
-noUpm
-name
AssetImportWorker0
-projectPath
/Users/GGN10/KP/unity/Delivery Driver
-logFile
Logs/AssetImportWorker0.log
-srvPort
59138
Successfully changed project path to: /Users/GGN10/KP/unity/Delivery Driver
/Users/GGN10/KP/unity/Delivery Driver
[UnityMemory] Configuration Parameters - Can be set up in boot.config
    "memorysetup-bucket-allocator-granularity=16"
    "memorysetup-bucket-allocator-bucket-count=8"
    "memorysetup-bucket-allocator-block-size=33554432"
    "memorysetup-bucket-allocator-block-count=8"
    "memorysetup-main-allocator-block-size=16777216"
    "memorysetup-thread-allocator-block-size=16777216"
    "memorysetup-gfx-main-allocator-block-size=16777216"
    "memorysetup-gfx-thread-allocator-block-size=16777216"
    "memorysetup-cache-allocator-block-size=4194304"
    "memorysetup-typetree-allocator-block-size=2097152"
    "memorysetup-profiler-bucket-allocator-granularity=16"
    "memorysetup-profiler-bucket-allocator-bucket-count=8"
    "memorysetup-profiler-bucket-allocator-block-size=33554432"
    "memorysetup-profiler-bucket-allocator-block-count=8"
    "memorysetup-profiler-allocator-block-size=16777216"
    "memorysetup-profiler-editor-allocator-block-size=1048576"
    "memorysetup-temp-allocator-size-main=16777216"
    "memorysetup-job-temp-allocator-block-size=2097152"
    "memorysetup-job-temp-allocator-block-size-background=1048576"
    "memorysetup-job-temp-allocator-reduction-small-platforms=262144"
    "memorysetup-temp-allocator-size-background-worker=32768"
    "memorysetup-temp-allocator-size-job-worker=262144"
    "memorysetup-temp-allocator-size-preload-manager=33554432"
    "memorysetup-temp-allocator-size-nav-mesh-worker=65536"
    "memorysetup-temp-allocator-size-audio-worker=65536"
    "memorysetup-temp-allocator-size-cloud-worker=32768"
    "memorysetup-temp-allocator-size-gi-baking-worker=262144"
    "memorysetup-temp-allocator-size-gfx=262144"
Player connection [8341725312] Host "[IP] 10.18.12.253 [Port] 0 [Flags] 2 [Guid] 2602934667 [EditorId] 2602934667 [Version] 1048832 [Id] OSXEditor(0,UKX6G9V6W6QH) [Debug] 1 [PackageName] OSXEditor [ProjectName] Editor" joined multi-casting on [225.0.0.222:54997]...

Player connection [8341725312] Host "[IP] 10.18.12.253 [Port] 0 [Flags] 2 [Guid] 2602934667 [EditorId] 2602934667 [Version] 1048832 [Id] OSXEditor(0,UKX6G9V6W6QH) [Debug] 1 [PackageName] OSXEditor [ProjectName] Editor" joined alternative multi-casting on [225.0.0.222:34997]...

[Physics::Module] Initialized MultithreadedJobDispatcher with {0} workers.
Refreshing native plugins compatible for Editor in 61.74 ms, found 3 plugins.
Preloading 0 native plugins for Editor in 0.00 ms.
Initialize engine version: 2021.3.31f1 (3409e2af086f)
[Subsystems] Discovering subsystems at path /Applications/Unity/Hub/Editor/2021.3.31f1/Unity.app/Contents/Resources/UnitySubsystems
[Subsystems] Discovering subsystems at path /Users/GGN10/KP/unity/Delivery Driver/Assets
GfxDevice: creating device client; threaded=0; jobified=0
 preferred device: Apple M2 Pro (high power)
Metal devices available: 1
0: Apple M2 Pro (high power)
Using device Apple M2 Pro (high power)
Initializing Metal device caps: Apple M2 Pro
Initialize mono
Mono path[0] = '/Applications/Unity/Hub/Editor/2021.3.31f1/Unity.app/Contents/Managed'
Mono path[1] = '/Applications/Unity/Hub/Editor/2021.3.31f1/Unity.app/Contents/MonoBleedingEdge/lib/mono/unityjit-macos'
Mono config path = '/Applications/Unity/Hub/Editor/2021.3.31f1/Unity.app/Contents/MonoBleedingEdge/etc'
Using monoOptions --debugger-agent=transport=dt_socket,embedding=1,server=y,suspend=n,address=127.0.0.1:56398
Begin MonoManager ReloadAssembly
Registering precompiled unity dll's ...
Register platform support module: /Applications/Unity/Hub/Editor/2021.3.31f1/PlaybackEngines/WebGLSupport/UnityEditor.WebGL.Extensions.dll
Register platform support module: /Applications/Unity/Hub/Editor/2021.3.31f1/Unity.app/Contents/PlaybackEngines/MacStandaloneSupport/UnityEditor.OSXStandalone.Extensions.dll
Registered in 0.002044 seconds.
Native extension for OSXStandalone target not found
Native extension for WebGL target not found
Refreshing native plugins compatible for Editor in 59.23 ms, found 3 plugins.
Preloading 0 native plugins for Editor in 0.00 ms.
Mono: successfully reloaded assembly
- Completed reload, in  0.375 seconds
Domain Reload Profiling:
	ReloadAssembly (375ms)
		BeginReloadAssembly (59ms)
			ExecutionOrderSort (0ms)
			DisableScriptedObjects (0ms)
			BackupInstance (0ms)
			ReleaseScriptingObjects (0ms)
			CreateAndSetChildDomain (0ms)
		EndReloadAssembly (263ms)
			LoadAssemblies (60ms)
			RebuildTransferFunctionScriptingTraits (0ms)
			SetupTypeCache (65ms)
			ReleaseScriptCaches (0ms)
			RebuildScriptCaches (18ms)
			SetupLoadedEditorAssemblies (154ms)
				LogAssemblyErrors (0ms)
				InitializePlatformSupportModulesInManaged (3ms)
				SetLoadedEditorAssemblies (0ms)
				RefreshPlugins (59ms)
				BeforeProcessingInitializeOnLoad (1ms)
				ProcessInitializeOnLoadAttributes (67ms)
				ProcessInitializeOnLoadMethodAttributes (23ms)
				AfterProcessingInitializeOnLoad (0ms)
				EditorAssembliesLoaded (0ms)
			ExecutionOrderSort2 (0ms)
			AwakeInstancesAfterBackupRestoration (0ms)
Platform modules already initialized, skipping
Registering precompiled user dll's ...
Registered in 0.005482 seconds.
Begin MonoManager ReloadAssembly
Native extension for OSXStandalone target not found
Native extension for WebGL target not found
Refreshing native plugins compatible for Editor in 57.16 ms, found 3 plugins.
Preloading 0 native plugins for Editor in 0.00 ms.
Package Manager log level set to [2]
[Package Manager] Server::EnsureServerProcessIsRunning -- launch failed, reason: Unity was launched with the -noUpm command-line argument
[Package Manager] Cannot connect to Unity Package Manager local server
Mono: successfully reloaded assembly
- Completed reload, in  0.977 seconds
Domain Reload Profiling:
	ReloadAssembly (977ms)
		BeginReloadAssembly (58ms)
			ExecutionOrderSort (0ms)
			DisableScriptedObjects (3ms)
			BackupInstance (0ms)
			ReleaseScriptingObjects (0ms)
			CreateAndSetChildDomain (15ms)
		EndReloadAssembly (862ms)
			LoadAssemblies (58ms)
			RebuildTransferFunctionScriptingTraits (0ms)
			SetupTypeCache (139ms)
			ReleaseScriptCaches (0ms)
			RebuildScriptCaches (34ms)
			SetupLoadedEditorAssemblies (606ms)
				LogAssemblyErrors (0ms)
				InitializePlatformSupportModulesInManaged (2ms)
				SetLoadedEditorAssemblies (0ms)
				RefreshPlugins (57ms)
				BeforeProcessingInitializeOnLoad (46ms)
				ProcessInitializeOnLoadAttributes (478ms)
				ProcessInitializeOnLoadMethodAttributes (22ms)
				AfterProcessingInitializeOnLoad (1ms)
				EditorAssembliesLoaded (0ms)
			ExecutionOrderSort2 (0ms)
			AwakeInstancesAfterBackupRestoration (2ms)
Platform modules already initialized, skipping
========================================================================
Worker process is ready to serve import requests
Launching external process: /Applications/Unity/Hub/Editor/2021.3.31f1/Unity.app/Contents/Tools/UnityShaderCompiler
Launched and connected shader compiler UnityShaderCompiler after 0.05 seconds
Refreshing native plugins compatible for Editor in 0.39 ms, found 3 plugins.
Preloading 0 native plugins for Editor in 0.00 ms.
Unloading 3810 Unused Serialized files (Serialized files now loaded: 0)
Unloading 36 unused Assets / (40.5 KB). Loaded Objects now: 4267.
Memory consumption went from 138.7 MB to 138.7 MB.
Total: 2.244084 ms (FindLiveObjects: 0.126583 ms CreateObjectMapping: 0.059958 ms MarkObjects: 2.012375 ms  DeleteObjects: 0.044917 ms)

AssetImportParameters requested are different than current active one (requested -> active):
  custom:video-decoder-ogg-theora: a1e56fd34408186e4bbccfd4996cb3dc -> 
  custom:container-muxer-webm: aa71ff27fc2769a1b78a27578f13a17b -> 
  custom:container-demuxer-webm: 4f35f7cbe854078d1ac9338744f61a02 -> 
  custom:video-encoder-webm-vp8: eb34c28f22e8b96e1ab97ce403110664 -> 
  custom:framework-osx-AVFoundation: e770b220cccbd017edd2c1fefb359320 -> 
  custom:CustomObjectIndexerAttribute: bc11b3a6c3213fcdd17b65e7da85e133 -> 
  custom:audio-encoder-webm-vorbis: bf7c407c2cedff20999df2af8eb42d56 -> 
  custom:SearchIndexIgnoredProperties: e643bd26f0fe6173181afceb89e7c659 -> 
  custom:container-demuxer-ogg: 62fdf1f143b41e24485cea50d1cbac27 -> 
  custom:video-decoder-webm-vp8: 9c59270c3fd7afecdb556c50c9e8de78 -> 
  custom:audio-decoder-ogg-vorbis: bf7c407c2cedff20999df2af8eb42d56 -> 
========================================================================
Received Import Request.
  Time since last request: 714800.047891 seconds.
  path: Assets/Delivery Driver Assets/Car 1.png
  artifactKey: Guid(be49ea2e726224ff88c95dc12c4ddf68) Importer(815301076,1909f56bfc062723c751e8b465ee728b)
Number of updated assets reloaded before import = 0
Start importing Assets/Delivery Driver Assets/Car 1.png using Guid(be49ea2e726224ff88c95dc12c4ddf68) Importer(815301076,1909f56bfc062723c751e8b465ee728b)  -> (artifact id: '37ffd2069ee0cfbe8b1317f869e46f73') in 0.525106 seconds 
Number of asset objects unloaded after import = 3
========================================================================
Received Import Request.
  Time since last request: 0.000031 seconds.
  path: Assets/Delivery Driver Assets/Corner 4.png
  artifactKey: Guid(5cc36611fde8448618a8500037f66eba) Importer(815301076,1909f56bfc062723c751e8b465ee728b)
Number of updated assets reloaded before import = 0
Start importing Assets/Delivery Driver Assets/Corner 4.png using Guid(5cc36611fde8448618a8500037f66eba) Importer(815301076,1909f56bfc062723c751e8b465ee728b)  -> (artifact id: 'a1191989401cc9f7ef9cda900c921cc5') in 0.034833 seconds 
Number of asset objects unloaded after import = 3
========================================================================
Received Import Request.
  Time since last request: 0.000034 seconds.
  path: Assets/Delivery Driver Assets/Intersection 1.png
  artifactKey: Guid(22efdffa883df44678acff655bb62e42) Importer(815301076,1909f56bfc062723c751e8b465ee728b)
Number of updated assets reloaded before import = 0
Start importing Assets/Delivery Driver Assets/Intersection 1.png using Guid(22efdffa883df44678acff655bb62e42) Importer(815301076,1909f56bfc062723c751e8b465ee728b)  -> (artifact id: '7764af8151259fdc56b5a34db9832077') in 0.073678 seconds 
Number of asset objects unloaded after import = 3
========================================================================
Received Import Request.
  Time since last request: 0.000041 seconds.
  path: Assets/Delivery Driver Assets/Road 4.png
  artifactKey: Guid(3ae3076d9002d4f70a34297dd3d63ad3) Importer(815301076,1909f56bfc062723c751e8b465ee728b)
Number of updated assets reloaded before import = 0
Start importing Assets/Delivery Driver Assets/Road 4.png using Guid(3ae3076d9002d4f70a34297dd3d63ad3) Importer(815301076,1909f56bfc062723c751e8b465ee728b)  -> (artifact id: '65adbc71e7fd5e4731ea0afb5b2a3a3d') in 0.023341 seconds 
Number of asset objects unloaded after import = 3
========================================================================
Received Import Request.
  Time since last request: 0.000033 seconds.
  path: Assets/Delivery Driver Assets/Tree 4.png
  artifactKey: Guid(7134eb6b554d44e29ba91fb3db293717) Importer(815301076,1909f56bfc062723c751e8b465ee728b)
Number of updated assets reloaded before import = 0
Start importing Assets/Delivery Driver Assets/Tree 4.png using Guid(7134eb6b554d44e29ba91fb3db293717) Importer(815301076,1909f56bfc062723c751e8b465ee728b)  -> (artifact id: '980e3a9c1f9ef0b9b7a8ebfd173e5498') in 0.005401 seconds 
Number of asset objects unloaded after import = 3
========================================================================
Received Import Request.
  Time since last request: 0.000027 seconds.
  path: Assets/Delivery Driver Assets/Tree 2.png
  artifactKey: Guid(2dd08dbafd8a644beaad4f153c1c33d7) Importer(815301076,1909f56bfc062723c751e8b465ee728b)
Number of updated assets reloaded before import = 0
Start importing Assets/Delivery Driver Assets/Tree 2.png using Guid(2dd08dbafd8a644beaad4f153c1c33d7) Importer(815301076,1909f56bfc062723c751e8b465ee728b)  -> (artifact id: '10ecb484d7ea8068df1499787cb6cd15') in 0.005124 seconds 
Number of asset objects unloaded after import = 3
========================================================================
Received Import Request.
  Time since last request: 0.000032 seconds.
  path: Assets/Delivery Driver Assets/House 3.png
  artifactKey: Guid(5a2a80c3e1b974d45b2c92d632ba7724) Importer(815301076,1909f56bfc062723c751e8b465ee728b)
Number of updated assets reloaded before import = 0
Start importing Assets/Delivery Driver Assets/House 3.png using Guid(5a2a80c3e1b974d45b2c92d632ba7724) Importer(815301076,1909f56bfc062723c751e8b465ee728b)  -> (artifact id: 'befeceeac34439eb349a61d8ff57cbdc') in 0.005513 seconds 
Number of asset objects unloaded after import = 3
========================================================================
Received Import Request.
  Time since last request: 0.000032 seconds.
  path: Assets/Delivery Driver Assets/Tree 1.png
  artifactKey: Guid(f1492253bcefb44c690ae4be36f73b68) Importer(815301076,1909f56bfc062723c751e8b465ee728b)
Number of updated assets reloaded before import = 0
Start importing Assets/Delivery Driver Assets/Tree 1.png using Guid(f1492253bcefb44c690ae4be36f73b68) Importer(815301076,1909f56bfc062723c751e8b465ee728b)  -> (artifact id: 'b7559c5438316065ca43ffcf0474d4e8') in 0.004603 seconds 
Number of asset objects unloaded after import = 3
========================================================================
Received Import Request.
  Time since last request: 0.000032 seconds.
  path: Assets/Delivery Driver Assets/Corner 2.png
  artifactKey: Guid(77ed92a9b07134a47a9b02decbfb9ab3) Importer(815301076,1909f56bfc062723c751e8b465ee728b)
Number of updated assets reloaded before import = 0
Start importing Assets/Delivery Driver Assets/Corner 2.png using Guid(77ed92a9b07134a47a9b02decbfb9ab3) Importer(815301076,1909f56bfc062723c751e8b465ee728b)  -> (artifact id: '885cdb18b8a35730a25bb6532fd184f4') in 0.023140 seconds 
Number of asset objects unloaded after import = 3
========================================================================
Received Import Request.
  Time since last request: 0.000034 seconds.
  path: Assets/Delivery Driver Assets/Bridge.png
  artifactKey: Guid(f23b7dbe3f7254c71bc35b035961f78b) Importer(815301076,1909f56bfc062723c751e8b465ee728b)
Number of updated assets reloaded before import = 0
Start importing Assets/Delivery Driver Assets/Bridge.png using Guid(f23b7dbe3f7254c71bc35b035961f78b) Importer(815301076,1909f56bfc062723c751e8b465ee728b)  -> (artifact id: '3cc0f4041d265dbf1c6376b009a43528') in 0.059055 seconds 
Number of asset objects unloaded after import = 3
========================================================================
Received Import Request.
  Time since last request: 597.597235 seconds.
  path: Assets/Delivery Driver Assets/House 3.png
  artifactKey: Guid(5a2a80c3e1b974d45b2c92d632ba7724) Importer(815301076,1909f56bfc062723c751e8b465ee728b)
Number of updated assets reloaded before import = 0
Start importing Assets/Delivery Driver Assets/House 3.png using Guid(5a2a80c3e1b974d45b2c92d632ba7724) Importer(815301076,1909f56bfc062723c751e8b465ee728b)  -> (artifact id: '5fb227bf49194cc579ee10449633e83f') in 0.008034 seconds 
Number of asset objects unloaded after import = 3
========================================================================
Received Import Request.
  Time since last request: 37.080179 seconds.
  path: Assets/Delivery Driver Assets/Bridge.png
  artifactKey: Guid(f23b7dbe3f7254c71bc35b035961f78b) Importer(815301076,1909f56bfc062723c751e8b465ee728b)
Number of updated assets reloaded before import = 0
Start importing Assets/Delivery Driver Assets/Bridge.png using Guid(f23b7dbe3f7254c71bc35b035961f78b) Importer(815301076,1909f56bfc062723c751e8b465ee728b)  -> (artifact id: 'c754b297a44f9fc8716b0cfc92a0bca2') in 0.059796 seconds 
Number of asset objects unloaded after import = 3
========================================================================
Received Import Request.
  Time since last request: 0.000035 seconds.
  path: Assets/Delivery Driver Assets/Corner 3.png
  artifactKey: Guid(6fa582a57a93f47acb9a21a0a7eb1a3d) Importer(815301076,1909f56bfc062723c751e8b465ee728b)
Number of updated assets reloaded before import = 0
Start importing Assets/Delivery Driver Assets/Corner 3.png using Guid(6fa582a57a93f47acb9a21a0a7eb1a3d) Importer(815301076,1909f56bfc062723c751e8b465ee728b)  -> (artifact id: '0b742925596b76356026a88d35983a83') in 0.014780 seconds 
Number of asset objects unloaded after import = 3
========================================================================
Received Import Request.
  Time since last request: 0.000034 seconds.
  path: Assets/Delivery Driver Assets/Intersection 1.png
  artifactKey: Guid(22efdffa883df44678acff655bb62e42) Importer(815301076,1909f56bfc062723c751e8b465ee728b)
Number of updated assets reloaded before import = 0
Start importing Assets/Delivery Driver Assets/Intersection 1.png using Guid(22efdffa883df44678acff655bb62e42) Importer(815301076,1909f56bfc062723c751e8b465ee728b)  -> (artifact id: '2965a3ec49b5ffd2c864a223f6dcdfe7') in 0.063307 seconds 
Number of asset objects unloaded after import = 3
========================================================================
Received Import Request.
  Time since last request: 0.000033 seconds.
  path: Assets/Delivery Driver Assets/Corner 4.png
  artifactKey: Guid(5cc36611fde8448618a8500037f66eba) Importer(815301076,1909f56bfc062723c751e8b465ee728b)
Number of updated assets reloaded before import = 0
Start importing Assets/Delivery Driver Assets/Corner 4.png using Guid(5cc36611fde8448618a8500037f66eba) Importer(815301076,1909f56bfc062723c751e8b465ee728b)  -> (artifact id: '68e2b6e7d137bd78a54cf2c6db8f279f') in 0.031834 seconds 
Number of asset objects unloaded after import = 3
========================================================================
Received Import Request.
  Time since last request: 0.000033 seconds.
  path: Assets/Delivery Driver Assets/Curve 1.png
  artifactKey: Guid(14124b51459574248ab7ddb6240cac0e) Importer(815301076,1909f56bfc062723c751e8b465ee728b)
Number of updated assets reloaded before import = 0
Start importing Assets/Delivery Driver Assets/Curve 1.png using Guid(14124b51459574248ab7ddb6240cac0e) Importer(815301076,1909f56bfc062723c751e8b465ee728b)  -> (artifact id: 'f99e747e28cc07205edab642aeacf2a1') in 0.037722 seconds 
Number of asset objects unloaded after import = 3
========================================================================
Received Import Request.
  Time since last request: 0.000036 seconds.
  path: Assets/Delivery Driver Assets/Road 4.png
  artifactKey: Guid(3ae3076d9002d4f70a34297dd3d63ad3) Importer(815301076,1909f56bfc062723c751e8b465ee728b)
Number of updated assets reloaded before import = 0
Start importing Assets/Delivery Driver Assets/Road 4.png using Guid(3ae3076d9002d4f70a34297dd3d63ad3) Importer(815301076,1909f56bfc062723c751e8b465ee728b)  -> (artifact id: '3e9b79da0a4b028a777c84523f61764f') in 0.021640 seconds 
Number of asset objects unloaded after import = 3
========================================================================
Received Import Request.
  Time since last request: 0.000037 seconds.
  path: Assets/Delivery Driver Assets/Corner 2.png
  artifactKey: Guid(77ed92a9b07134a47a9b02decbfb9ab3) Importer(815301076,1909f56bfc062723c751e8b465ee728b)
Number of updated assets reloaded before import = 0
Start importing Assets/Delivery Driver Assets/Corner 2.png using Guid(77ed92a9b07134a47a9b02decbfb9ab3) Importer(815301076,1909f56bfc062723c751e8b465ee728b)  -> (artifact id: '03878dc49e5a84b7c810c37ab355cd1f') in 0.023508 seconds 
Number of asset objects unloaded after import = 3
========================================================================
Received Import Request.
  Time since last request: 18.875845 seconds.
  path: Assets/Delivery Driver Assets/Tree 2.png
  artifactKey: Guid(2dd08dbafd8a644beaad4f153c1c33d7) Importer(815301076,1909f56bfc062723c751e8b465ee728b)
Number of updated assets reloaded before import = 0
Start importing Assets/Delivery Driver Assets/Tree 2.png using Guid(2dd08dbafd8a644beaad4f153c1c33d7) Importer(815301076,1909f56bfc062723c751e8b465ee728b)  -> (artifact id: '0555d4f710d2799c6806ecb2a4b0de6e') in 0.008946 seconds 
Number of asset objects unloaded after import = 3
========================================================================
Received Import Request.
  Time since last request: 0.000038 seconds.
  path: Assets/Delivery Driver Assets/Tree 4.png
  artifactKey: Guid(7134eb6b554d44e29ba91fb3db293717) Importer(815301076,1909f56bfc062723c751e8b465ee728b)
Number of updated assets reloaded before import = 0
Start importing Assets/Delivery Driver Assets/Tree 4.png using Guid(7134eb6b554d44e29ba91fb3db293717) Importer(815301076,1909f56bfc062723c751e8b465ee728b)  -> (artifact id: '1fe619bd586bd2259188711ce0c4f753') in 0.005444 seconds 
Number of asset objects unloaded after import = 3
Editor requested this worker to shutdown with reason: Scaling down because of idle timeout
AssetImportWorker is now disconnected from the server
Process exiting
